<?xml version="1.0" encoding="UTF-8"?>
<testsuite xmlns:xsi="http://www.w3.org/2001/XMLSchema-instance" xsi:noNamespaceSchemaLocation="https://maven.apache.org/surefire/maven-surefire-plugin/xsd/surefire-test-report.xsd" version="3.0.2" name="me.sebz.mondragon.pbl5.os.DatabaseTest" time="1.582" tests="14" errors="0" skipped="0" failures="0">
  <properties>
[...]
</properties>
  <testcase name="testGetPersonByIdAcrossMultipleGroups" classname="me.sebz.mondragon.pbl5.os.DatabaseTest" time="0.482"/>
  <testcase name="testSignInFailureWrongPassword" classname="me.sebz.mondragon.pbl5.os.DatabaseTest" time="0.162"/>
  <testcase name="testGetGroupByIdNotFound" classname="me.sebz.mondragon.pbl5.os.DatabaseTest" time="0.063"/>
  <testcase name="testGetGroupByIdFound" classname="me.sebz.mondragon.pbl5.os.DatabaseTest" time="0.063"/>
  <testcase name="testRemoveGroupById" classname="me.sebz.mondragon.pbl5.os.DatabaseTest" time="0.063"/>
  <testcase name="testShutdown" classname="me.sebz.mondragon.pbl5.os.DatabaseTest" time="0.063"/>
  <testcase name="testGetPersonByIdFound" classname="me.sebz.mondragon.pbl5.os.DatabaseTest" time="0.061"/>
  <testcase name="testSignInFailureWrongId" classname="me.sebz.mondragon.pbl5.os.DatabaseTest" time="0.063"/>
  <testcase name="testGetGroupFromSessionNotExisting" classname="me.sebz.mondragon.pbl5.os.DatabaseTest" time="0.062"/>
  <testcase name="testAddAndGetGroups" classname="me.sebz.mondragon.pbl5.os.DatabaseTest" time="0.062"/>
  <testcase name="testRemoveGroupByObject" classname="me.sebz.mondragon.pbl5.os.DatabaseTest" time="0.063"/>
  <testcase name="testGetPersonByIdNotFound" classname="me.sebz.mondragon.pbl5.os.DatabaseTest" time="0.061"/>
  <testcase name="testSignInSuccess" classname="me.sebz.mondragon.pbl5.os.DatabaseTest" time="0.122"/>
  <testcase name="testRemoveGroupByIdNotExisting" classname="me.sebz.mondragon.pbl5.os.DatabaseTest" time="0.063"/>
</testsuite>